%!Adobe-FontList 1.25
%Locale:0x419

%BeginFont
Handler:DirectoryHandler
FontType:Invalid
OutlineFileName:C:\Users\neoli\OneDrive\Desktop\lms\Font\.DS_Store
FileModTime:1776276037
%EndFont

%BeginFont
Handler:DirectoryHandler
FontType:Type1
FontName:FixelDisplay-Black
FamilyName:Fixel Display
StyleName:Black
FullName:Fixel Display Black
MenuName:Fixel Display Black
StyleBits:0
WritingScript:Roman
OutlineFileName:C:\Users\neoli\OneDrive\Desktop\lms\Font\FixelDisplay-Black.otf
DataFormat:sfntData
UsesStandardEncoding:yes
isCFF:yes
hasSVG:no
hasCOLR:no
VariableFontType:NonVariableFont
FileLength:141140
FileModTime:1776276039
WeightClass:900
WidthClass:5
AngleClass:0
NameArray:0,Mac,4,Fixel Display Black
NameArray:0,Win,1,Fixel Display Black
NameArray:0,Win,16,Fixel Display
%EndFont

%BeginFont
Handler:DirectoryHandler
FontType:Invalid
OutlineFileName:C:\Users\neoli\OneDrive\Desktop\lms\Font\FixelDisplay-Black.woff2
FileModTime:1776276039
%EndFont

%BeginFont
Handler:DirectoryHandler
FontType:Type1
FontName:FixelDisplay20240404-BlackItalic
FamilyName:Fixel Display 20240404
StyleName:Black Italic
FullName:Fixel Display 20240404 Black Italic
MenuName:Fixel Display 20240404 Black
StyleBits:1
WritingScript:Roman
OutlineFileName:C:\Users\neoli\OneDrive\Desktop\lms\Font\FixelDisplay-BlackItalic.otf
DataFormat:sfntData
UsesStandardEncoding:yes
isCFF:yes
hasSVG:no
hasCOLR:no
VariableFontType:NonVariableFont
FileLength:122796
FileModTime:1776276037
WeightClass:900
WidthClass:5
AngleClass:1
NameArray:0,Win,1,Fixel Display 20240404 Black
NameArray:0,Win,16,Fixel Display 20240404
%EndFont

%BeginFont
Handler:DirectoryHandler
FontType:Invalid
OutlineFileName:C:\Users\neoli\OneDrive\Desktop\lms\Font\FixelDisplay-BlackItalic.woff2
FileModTime:1776276037
%EndFont

%BeginFont
Handler:DirectoryHandler
FontType:Type1
FontName:FixelDisplay-Bold
FamilyName:Fixel Display
StyleName:Bold
FullName:Fixel Display Bold
MenuName:Fixel Display Bold
StyleBits:2
WritingScript:Roman
OutlineFileName:C:\Users\neoli\OneDrive\Desktop\lms\Font\FixelDisplay-Bold.otf
DataFormat:sfntData
UsesStandardEncoding:yes
isCFF:yes
hasSVG:no
hasCOLR:no
VariableFontType:NonVariableFont
FileLength:143348
FileModTime:1776276039
WeightClass:700
WidthClass:5
AngleClass:0
NameArray:0,Mac,4,Fixel Display Bold
NameArray:0,Win,1,Fixel Display Bold
NameArray:0,Win,16,Fixel Display
%EndFont

%BeginFont
Handler:DirectoryHandler
FontType:Invalid
OutlineFileName:C:\Users\neoli\OneDrive\Desktop\lms\Font\FixelDisplay-Bold.woff2
FileModTime:1776276039
%EndFont

%BeginFont
Handler:DirectoryHandler
FontType:Type1
FontName:FixelDisplay20240404-BoldItalic
FamilyName:Fixel Display 20240404
StyleName:Bold Italic
FullName:Fixel Display 20240404 Bold Italic
MenuName:Fixel Display 20240404
StyleBits:3
WritingScript:Roman
OutlineFileName:C:\Users\neoli\OneDrive\Desktop\lms\Font\FixelDisplay-BoldItalic.otf
DataFormat:sfntData
UsesStandardEncoding:yes
isCFF:yes
hasSVG:no
hasCOLR:no
VariableFontType:NonVariableFont
FileLength:124292
FileModTime:1776276037
WeightClass:700
WidthClass:5
AngleClass:1
NameArray:0,Win,1,Fixel Display 20240404
NameArray:0,Win,16,Fixel Display 20240404
%EndFont

%BeginFont
Handler:DirectoryHandler
FontType:Invalid
OutlineFileName:C:\Users\neoli\OneDrive\Desktop\lms\Font\FixelDisplay-BoldItalic.woff2
FileModTime:1776276037
%EndFont

%BeginFont
Handler:DirectoryHandler
FontType:Type1
FontName:FixelDisplay-ExtraBold
FamilyName:Fixel Display
StyleName:ExtraBold
FullName:Fixel Display ExtraBold
MenuName:Fixel Display ExtraBold
StyleBits:0
WritingScript:Roman
OutlineFileName:C:\Users\neoli\OneDrive\Desktop\lms\Font\FixelDisplay-ExtraBold.otf
DataFormat:sfntData
UsesStandardEncoding:yes
isCFF:yes
hasSVG:no
hasCOLR:no
VariableFontType:NonVariableFont
FileLength:143648
FileModTime:1776276039
WeightClass:800
WidthClass:5
AngleClass:0
NameArray:0,Mac,4,Fixel Display ExtraBold
NameArray:0,Win,1,Fixel Display ExtraBold
NameArray:0,Win,16,Fixel Display
%EndFont

%BeginFont
Handler:DirectoryHandler
FontType:Invalid
OutlineFileName:C:\Users\neoli\OneDrive\Desktop\lms\Font\FixelDisplay-ExtraBold.woff2
FileModTime:1776276039
%EndFont

%BeginFont
Handler:DirectoryHandler
FontType:Type1
FontName:FixelDisplay20240404-ExtraBoldItalic
FamilyName:Fixel Display 20240404
StyleName:ExtraBold Italic
FullName:Fixel Display 20240404 ExtraBold Italic
MenuName:Fixel Display 20240404 ExBold
StyleBits:1
WritingScript:Roman
OutlineFileName:C:\Users\neoli\OneDrive\Desktop\lms\Font\FixelDisplay-ExtraBoldItalic.otf
DataFormat:sfntData
UsesStandardEncoding:yes
isCFF:yes
hasSVG:no
hasCOLR:no
VariableFontType:NonVariableFont
FileLength:123976
FileModTime:1776276037
WeightClass:800
WidthClass:5
AngleClass:1
NameArray:0,Win,1,Fixel Display 20240404 ExBold
NameArray:0,Win,16,Fixel Display 20240404
%EndFont

%BeginFont
Handler:DirectoryHandler
FontType:Invalid
OutlineFileName:C:\Users\neoli\OneDrive\Desktop\lms\Font\FixelDisplay-ExtraBoldItalic.woff2
FileModTime:1776276037
%EndFont

%BeginFont
Handler:DirectoryHandler
FontType:Type1
FontName:FixelDisplay-ExtraLight
FamilyName:Fixel Display
StyleName:ExtraLight
FullName:Fixel Display ExtraLight
MenuName:Fixel Display ExtraLight
StyleBits:0
WritingScript:Roman
OutlineFileName:C:\Users\neoli\OneDrive\Desktop\lms\Font\FixelDisplay-ExtraLight.otf
DataFormat:sfntData
UsesStandardEncoding:yes
isCFF:yes
hasSVG:no
hasCOLR:no
VariableFontType:NonVariableFont
FileLength:132652
FileModTime:1776276037
WeightClass:200
WidthClass:5
AngleClass:0
NameArray:0,Mac,4,Fixel Display ExtraLight
NameArray:0,Win,1,Fixel Display ExtraLight
NameArray:0,Win,16,Fixel Display
%EndFont

%BeginFont
Handler:DirectoryHandler
FontType:Invalid
OutlineFileName:C:\Users\neoli\OneDrive\Desktop\lms\Font\FixelDisplay-ExtraLight.woff2
FileModTime:1776276037
%EndFont

%BeginFont
Handler:DirectoryHandler
FontType:Type1
FontName:FixelDisplay20240404-ExtraLightItalic
FamilyName:Fixel Display 20240404
StyleName:ExtraLight Italic
FullName:Fixel Display 20240404 ExtraLight Italic
MenuName:Fixel Display 20240404 ExLight
StyleBits:1
WritingScript:Roman
OutlineFileName:C:\Users\neoli\OneDrive\Desktop\lms\Font\FixelDisplay-ExtraLightItalic.otf
DataFormat:sfntData
UsesStandardEncoding:yes
isCFF:yes
hasSVG:no
hasCOLR:no
VariableFontType:NonVariableFont
FileLength:119704
FileModTime:1776276037
WeightClass:200
WidthClass:5
AngleClass:1
NameArray:0,Win,1,Fixel Display 20240404 ExLight
NameArray:0,Win,16,Fixel Display 20240404
%EndFont

%BeginFont
Handler:DirectoryHandler
FontType:Invalid
OutlineFileName:C:\Users\neoli\OneDrive\Desktop\lms\Font\FixelDisplay-ExtraLightItalic.woff2
FileModTime:1776276037
%EndFont

%BeginFont
Handler:DirectoryHandler
FontType:Type1
FontName:FixelDisplay-Light
FamilyName:Fixel Display
StyleName:Light
FullName:Fixel Display Light
MenuName:Fixel Display Light
StyleBits:0
WritingScript:Roman
OutlineFileName:C:\Users\neoli\OneDrive\Desktop\lms\Font\FixelDisplay-Light.otf
DataFormat:sfntData
UsesStandardEncoding:yes
isCFF:yes
hasSVG:no
hasCOLR:no
VariableFontType:NonVariableFont
FileLength:134548
FileModTime:1776276039
WeightClass:300
WidthClass:5
AngleClass:0
NameArray:0,Mac,4,Fixel Display Light
NameArray:0,Win,1,Fixel Display Light
NameArray:0,Win,16,Fixel Display
%EndFont

%BeginFont
Handler:DirectoryHandler
FontType:Invalid
OutlineFileName:C:\Users\neoli\OneDrive\Desktop\lms\Font\FixelDisplay-Light.woff2
FileModTime:1776276039
%EndFont

%BeginFont
Handler:DirectoryHandler
FontType:Type1
FontName:FixelDisplay20240404-LightItalic
FamilyName:Fixel Display 20240404
StyleName:Light Italic
FullName:Fixel Display 20240404 Light Italic
MenuName:Fixel Display 20240404 Light
StyleBits:1
WritingScript:Roman
OutlineFileName:C:\Users\neoli\OneDrive\Desktop\lms\Font\FixelDisplay-LightItalic.otf
DataFormat:sfntData
UsesStandardEncoding:yes
isCFF:yes
hasSVG:no
hasCOLR:no
VariableFontType:NonVariableFont
FileLength:119532
FileModTime:1776276037
WeightClass:300
WidthClass:5
AngleClass:1
NameArray:0,Win,1,Fixel Display 20240404 Light
NameArray:0,Win,16,Fixel Display 20240404
%EndFont

%BeginFont
Handler:DirectoryHandler
FontType:Invalid
OutlineFileName:C:\Users\neoli\OneDrive\Desktop\lms\Font\FixelDisplay-LightItalic.woff2
FileModTime:1776276037
%EndFont

%BeginFont
Handler:DirectoryHandler
FontType:Type1
FontName:FixelDisplay-Medium
FamilyName:Fixel Display
StyleName:Medium
FullName:Fixel Display Medium
MenuName:Fixel Display Medium
StyleBits:0
WritingScript:Roman
OutlineFileName:C:\Users\neoli\OneDrive\Desktop\lms\Font\FixelDisplay-Medium.otf
DataFormat:sfntData
UsesStandardEncoding:yes
isCFF:yes
hasSVG:no
hasCOLR:no
VariableFontType:NonVariableFont
FileLength:138092
FileModTime:1776276037
WeightClass:500
WidthClass:5
AngleClass:0
NameArray:0,Mac,4,Fixel Display Medium
NameArray:0,Win,1,Fixel Display Medium
NameArray:0,Win,16,Fixel Display
%EndFont

%BeginFont
Handler:DirectoryHandler
FontType:Invalid
OutlineFileName:C:\Users\neoli\OneDrive\Desktop\lms\Font\FixelDisplay-Medium.woff2
FileModTime:1776276037
%EndFont

%BeginFont
Handler:DirectoryHandler
FontType:Type1
FontName:FixelDisplay20240404-MediumItalic
FamilyName:Fixel Display 20240404
StyleName:Medium Italic
FullName:Fixel Display 20240404 Medium Italic
MenuName:Fixel Display 20240404 Medium
StyleBits:1
WritingScript:Roman
OutlineFileName:C:\Users\neoli\OneDrive\Desktop\lms\Font\FixelDisplay-MediumItalic.otf
DataFormat:sfntData
UsesStandardEncoding:yes
isCFF:yes
hasSVG:no
hasCOLR:no
VariableFontType:NonVariableFont
FileLength:123744
FileModTime:1776276037
WeightClass:500
WidthClass:5
AngleClass:1
NameArray:0,Win,1,Fixel Display 20240404 Medium
NameArray:0,Win,16,Fixel Display 20240404
%EndFont

%BeginFont
Handler:DirectoryHandler
FontType:Invalid
OutlineFileName:C:\Users\neoli\OneDrive\Desktop\lms\Font\FixelDisplay-MediumItalic.woff2
FileModTime:1776276037
%EndFont

%BeginFont
Handler:DirectoryHandler
FontType:Type1
FontName:FixelDisplay-Regular
FamilyName:Fixel Display
StyleName:Regular
FullName:Fixel Display Regular
MenuName:Fixel Display Regular
StyleBits:0
WritingScript:Roman
OutlineFileName:C:\Users\neoli\OneDrive\Desktop\lms\Font\FixelDisplay-Regular.otf
DataFormat:sfntData
UsesStandardEncoding:yes
isCFF:yes
hasSVG:no
hasCOLR:no
VariableFontType:NonVariableFont
FileLength:129988
FileModTime:1776276037
WeightClass:400
WidthClass:5
AngleClass:0
NameArray:0,Mac,4,Fixel Display Regular
NameArray:0,Win,1,Fixel Display Regular
NameArray:0,Win,16,Fixel Display
%EndFont

%BeginFont
Handler:DirectoryHandler
FontType:Invalid
OutlineFileName:C:\Users\neoli\OneDrive\Desktop\lms\Font\FixelDisplay-Regular.woff2
FileModTime:1776276037
%EndFont

%BeginFont
Handler:DirectoryHandler
FontType:Type1
FontName:FixelDisplay20240404-RegularItalic
FamilyName:Fixel Display 20240404
StyleName:Regular Italic
FullName:Fixel Display 20240404 Regular Italic
MenuName:Fixel Display 20240404
StyleBits:1
WritingScript:Roman
OutlineFileName:C:\Users\neoli\OneDrive\Desktop\lms\Font\FixelDisplay-RegularItalic.otf
DataFormat:sfntData
UsesStandardEncoding:yes
isCFF:yes
hasSVG:no
hasCOLR:no
VariableFontType:NonVariableFont
FileLength:117656
FileModTime:1776276037
WeightClass:400
WidthClass:5
AngleClass:1
NameArray:0,Win,1,Fixel Display 20240404
NameArray:0,Win,16,Fixel Display 20240404
%EndFont

%BeginFont
Handler:DirectoryHandler
FontType:Invalid
OutlineFileName:C:\Users\neoli\OneDrive\Desktop\lms\Font\FixelDisplay-RegularItalic.woff2
FileModTime:1776276037
%EndFont

%BeginFont
Handler:DirectoryHandler
FontType:Type1
FontName:FixelDisplay-SemiBold
FamilyName:Fixel Display
StyleName:SemiBold
FullName:Fixel Display SemiBold
MenuName:Fixel Display SemiBold
StyleBits:0
WritingScript:Roman
OutlineFileName:C:\Users\neoli\OneDrive\Desktop\lms\Font\FixelDisplay-SemiBold.otf
DataFormat:sfntData
UsesStandardEncoding:yes
isCFF:yes
hasSVG:no
hasCOLR:no
VariableFontType:NonVariableFont
FileLength:141772
FileModTime:1776276037
WeightClass:600
WidthClass:5
AngleClass:0
NameArray:0,Mac,4,Fixel Display SemiBold
NameArray:0,Win,1,Fixel Display SemiBold
NameArray:0,Win,16,Fixel Display
%EndFont

%BeginFont
Handler:DirectoryHandler
FontType:Invalid
OutlineFileName:C:\Users\neoli\OneDrive\Desktop\lms\Font\FixelDisplay-SemiBold.woff2
FileModTime:1776276037
%EndFont

%BeginFont
Handler:DirectoryHandler
FontType:Type1
FontName:FixelDisplay20240404-SemiBoldItalic
FamilyName:Fixel Display 20240404
StyleName:SemiBold Italic
FullName:Fixel Display 20240404 SemiBold Italic
MenuName:Fixel Display 20240404 SemiBold
StyleBits:1
WritingScript:Roman
OutlineFileName:C:\Users\neoli\OneDrive\Desktop\lms\Font\FixelDisplay-SemiBoldItalic.otf
DataFormat:sfntData
UsesStandardEncoding:yes
isCFF:yes
hasSVG:no
hasCOLR:no
VariableFontType:NonVariableFont
FileLength:124180
FileModTime:1776276037
WeightClass:600
WidthClass:5
AngleClass:1
NameArray:0,Win,1,Fixel Display 20240404 SemiBold
NameArray:0,Win,16,Fixel Display 20240404
%EndFont

%BeginFont
Handler:DirectoryHandler
FontType:Invalid
OutlineFileName:C:\Users\neoli\OneDrive\Desktop\lms\Font\FixelDisplay-SemiBoldItalic.woff2
FileModTime:1776276037
%EndFont

%BeginFont
Handler:DirectoryHandler
FontType:Type1
FontName:FixelDisplay-Thin
FamilyName:Fixel Display
StyleName:Thin
FullName:Fixel Display Thin
MenuName:Fixel Display Thin
StyleBits:0
WritingScript:Roman
OutlineFileName:C:\Users\neoli\OneDrive\Desktop\lms\Font\FixelDisplay-Thin.otf
DataFormat:sfntData
UsesStandardEncoding:yes
isCFF:yes
hasSVG:no
hasCOLR:no
VariableFontType:NonVariableFont
FileLength:128392
FileModTime:1776276037
WeightClass:100
WidthClass:5
AngleClass:0
NameArray:0,Mac,4,Fixel Display Thin
NameArray:0,Win,1,Fixel Display Thin
NameArray:0,Win,16,Fixel Display
%EndFont

%BeginFont
Handler:DirectoryHandler
FontType:Invalid
OutlineFileName:C:\Users\neoli\OneDrive\Desktop\lms\Font\FixelDisplay-Thin.woff2
FileModTime:1776276037
%EndFont

%BeginFont
Handler:DirectoryHandler
FontType:Type1
FontName:FixelDisplay20240404-ThinItalic
FamilyName:Fixel Display 20240404
StyleName:Thin Italic
FullName:Fixel Display 20240404 Thin Italic
MenuName:Fixel Display 20240404 Thin
StyleBits:1
WritingScript:Roman
OutlineFileName:C:\Users\neoli\OneDrive\Desktop\lms\Font\FixelDisplay-ThinItalic.otf
DataFormat:sfntData
UsesStandardEncoding:yes
isCFF:yes
hasSVG:no
hasCOLR:no
VariableFontType:NonVariableFont
FileLength:115680
FileModTime:1776276037
WeightClass:100
WidthClass:5
AngleClass:1
NameArray:0,Win,1,Fixel Display 20240404 Thin
NameArray:0,Win,16,Fixel Display 20240404
%EndFont

%BeginFont
Handler:DirectoryHandler
FontType:Invalid
OutlineFileName:C:\Users\neoli\OneDrive\Desktop\lms\Font\FixelDisplay-ThinItalic.woff2
FileModTime:1776276037
%EndFont

